<?xml version="1.0" encoding="UTF-8"?>
<testsuite name="Run on Firefox"
           tests="3"
           failures="0"
           errors="0"
           skipped="0"
           time="8.495">
  <properties />
  
  
            <testcase name="User_03_My_Account" time="2.620" classname="com.nopcommerce.user.Level_18_Manage_Data_Json" />
                <testcase name="User_01_Register_Login" time="4.519" classname="com.nopcommerce.user.Level_18_Manage_Data_Json" />
                <testcase name="User_02_Login" time="1.356" classname="com.nopcommerce.user.Level_18_Manage_Data_Json" />
      
</testsuite>
